Using pre-set license
Built from '2021.1/staging' branch; Version is '2021.1.3f1 (4bef613afd59) revision 4976481'; Using compiler version '192528614'; Build Type 'Release'
OS: 'Windows 10 Pro; OS build 22000.527; Version 2009; 64bit' Language: 'en' Physical Memory: 8066 MB
BatchMode: 1, IsHumanControllingUs: 0, StartBugReporterOnCrash: 0, Is64bit: 1, IsPro: 0

 COMMAND LINE ARGUMENTS:
C:\Program Files\Unity 2021.1.3f1\Editor\Unity.exe
-adb2
-batchMode
-noUpm
-name
AssetImportWorker0
-projectPath
D:/Unity/First 3D
-logFile
Logs/AssetImportWorker0.log
-srvPort
57820
Successfully changed project path to: D:/Unity/First 3D
D:/Unity/First 3D
Using Asset Import Pipeline V2.
Refreshing native plugins compatible for Editor in 118.91 ms, found 1 plugins.
Preloading 0 native plugins for Editor in 0.00 ms.
Initialize engine version: 2021.1.3f1 (4bef613afd59)
[Subsystems] Discovering subsystems at path C:/Program Files/Unity 2021.1.3f1/Editor/Data/Resources/UnitySubsystems
[Subsystems] Discovering subsystems at path D:/Unity/First 3D/Assets
GfxDevice: creating device client; threaded=0; jobified=0
Direct3D:
    Version:  Direct3D 11.0 [level 11.1]
    Renderer: NVIDIA GeForce MX150 (ID=0x1d10)
    Vendor:   NVIDIA
    VRAM:     4027 MB
    Driver:   30.0.14.9676
Initialize mono
Mono path[0] = 'C:/Program Files/Unity 2021.1.3f1/Editor/Data/Managed'
Mono path[1] = 'C:/Program Files/Unity 2021.1.3f1/Editor/Data/MonoBleedingEdge/lib/mono/unityjit'
Mono config path = 'C:/Program Files/Unity 2021.1.3f1/Editor/Data/MonoBleedingEdge/etc'
Using monoOptions --debugger-agent=transport=dt_socket,embedding=1,server=y,suspend=n,address=127.0.0.1:56924
Begin MonoManager ReloadAssembly
Registering precompiled unity dll's ...
Register platform support module: C:/Program Files/Unity 2021.1.3f1/Editor/Data/PlaybackEngines/WebGLSupport/UnityEditor.WebGL.Extensions.dll
Register platform support module: C:/Program Files/Unity 2021.1.3f1/Editor/Data/PlaybackEngines/WindowsStandaloneSupport/UnityEditor.WindowsStandalone.Extensions.dll
Registered in 0.001680 seconds.
Native extension for WindowsStandalone target not found
Native extension for WebGL target not found
Refreshing native plugins compatible for Editor in 85.25 ms, found 1 plugins.
Preloading 0 native plugins for Editor in 0.00 ms.
Mono: successfully reloaded assembly
- Completed reload, in  1.415 seconds
Platform modules already initialized, skipping
Registering precompiled user dll's ...
Registered in 0.002182 seconds.
Begin MonoManager ReloadAssembly
Native extension for WindowsStandalone target not found
Native extension for WebGL target not found
Refreshing native plugins compatible for Editor in 0.51 ms, found 1 plugins.
Preloading 0 native plugins for Editor in 0.00 ms.
Mono: successfully reloaded assembly
- Completed reload, in  1.066 seconds
Platform modules already initialized, skipping
========================================================================
Worker process is ready to serve import requests
Launched and connected shader compiler UnityShaderCompiler.exe after 0.05 seconds
Refreshing native plugins compatible for Editor in 0.61 ms, found 1 plugins.
Preloading 0 native plugins for Editor in 0.00 ms.
Unloading 2666 Unused Serialized files (Serialized files now loaded: 0)
System memory in use before: 110.1 MB.
System memory in use after: 110.3 MB.

Unloading 13 unused Assets to reduce memory usage. Loaded Objects now: 3138.
Total: 2.451600 ms (FindLiveObjects: 0.267200 ms CreateObjectMapping: 0.175200 ms MarkObjects: 1.986000 ms  DeleteObjects: 0.021800 ms)

========================================================================
Received Import Request.
  path: Assets/New Terrain.asset
  artifactKey: Guid(186b2b5c54d9e1b40976de6a8ca9f8bd) Importer(815301076,1909f56bfc062723c751e8b465ee728b)
Start importing Assets/New Terrain.asset using Guid(186b2b5c54d9e1b40976de6a8ca9f8bd) Importer(815301076,1909f56bfc062723c751e8b465ee728b)  -> (artifact id: '640688cea104a3e7a2a8358c0dc18f22') in 0.054319 seconds 
========================================================================
Received Import Request.
  Time since last request: 95.383617 seconds.
  path: Assets
  artifactKey: Guid(00000000000000001000000000000000) Importer(815301076,1909f56bfc062723c751e8b465ee728b)
Start importing Assets using Guid(00000000000000001000000000000000) Importer(815301076,1909f56bfc062723c751e8b465ee728b)  -> (artifact id: 'efcc68737208a1d7a8581e190ec11b99') in 0.001114 seconds 
========================================================================
Received Import Request.
  Time since last request: 8.820940 seconds.
  path: Assets/Scripts
  artifactKey: Guid(42723f00a90a12046af7e32ce9031c8f) Importer(815301076,1909f56bfc062723c751e8b465ee728b)
Start importing Assets/Scripts using Guid(42723f00a90a12046af7e32ce9031c8f) Importer(815301076,1909f56bfc062723c751e8b465ee728b)  -> (artifact id: 'a281599b0b62db9760516a6b5956a0cd') in 0.002305 seconds 
========================================================================
Received Prepare
Registering precompiled user dll's ...
Registered in 0.002056 seconds.
Begin MonoManager ReloadAssembly
Native extension for WindowsStandalone target not found
Native extension for WebGL target not found
Refreshing native plugins compatible for Editor in 0.52 ms, found 1 plugins.
Preloading 0 native plugins for Editor in 0.00 ms.
Mono: successfully reloaded assembly
- Completed reload, in  1.077 seconds
Platform modules already initialized, skipping
Refreshing native plugins compatible for Editor in 0.52 ms, found 1 plugins.
Preloading 0 native plugins for Editor in 0.00 ms.
Unloading 2660 Unused Serialized files (Serialized files now loaded: 0)
System memory in use before: 110.0 MB.
System memory in use after: 110.3 MB.

Unloading 9 unused Assets to reduce memory usage. Loaded Objects now: 3141.
Total: 2.651500 ms (FindLiveObjects: 0.229400 ms CreateObjectMapping: 0.139200 ms MarkObjects: 2.262900 ms  DeleteObjects: 0.018500 ms)

========================================================================
Received Import Request.
  Time since last request: 9.371830 seconds.
  path: Assets/Scenes
  artifactKey: Guid(4880b94afa6f2df40b4534196f20f4e7) Importer(815301076,1909f56bfc062723c751e8b465ee728b)
Start importing Assets/Scenes using Guid(4880b94afa6f2df40b4534196f20f4e7) Importer(815301076,1909f56bfc062723c751e8b465ee728b)  -> (artifact id: 'f219e407242353ddf51f675479c31b91') in 0.004944 seconds 
========================================================================
Received Import Request.
  Time since last request: 22.373536 seconds.
  path: Assets/Scenes/Terrain.unity
  artifactKey: Guid(bcc1e69c894e0574a81ddb4c29d2b25d) Importer(815301076,1909f56bfc062723c751e8b465ee728b)
Start importing Assets/Scenes/Terrain.unity using Guid(bcc1e69c894e0574a81ddb4c29d2b25d) Importer(815301076,1909f56bfc062723c751e8b465ee728b)  -> (artifact id: '96b6d153bc91cd52b3df5e846cd44b8f') in 0.009197 seconds 
========================================================================
Received Prepare
Registering precompiled user dll's ...
Registered in 0.002064 seconds.
Begin MonoManager ReloadAssembly
Native extension for WindowsStandalone target not found
Native extension for WebGL target not found
Refreshing native plugins compatible for Editor in 0.50 ms, found 1 plugins.
Preloading 0 native plugins for Editor in 0.00 ms.
Mono: successfully reloaded assembly
- Completed reload, in  1.087 seconds
Platform modules already initialized, skipping
Refreshing native plugins compatible for Editor in 0.55 ms, found 1 plugins.
Preloading 0 native plugins for Editor in 0.00 ms.
Unloading 2661 Unused Serialized files (Serialized files now loaded: 0)
System memory in use before: 110.1 MB.
System memory in use after: 110.3 MB.

Unloading 9 unused Assets to reduce memory usage. Loaded Objects now: 3145.
Total: 2.452100 ms (FindLiveObjects: 0.264100 ms CreateObjectMapping: 0.134100 ms MarkObjects: 2.036100 ms  DeleteObjects: 0.016500 ms)

========================================================================
Received Import Request.
  Time since last request: 362.919713 seconds.
  path: Assets/New Terrain 1.asset
  artifactKey: Guid(9e454f28cd7bcae43ae3bffe26505fd1) Importer(815301076,1909f56bfc062723c751e8b465ee728b)
Start importing Assets/New Terrain 1.asset using Guid(9e454f28cd7bcae43ae3bffe26505fd1) Importer(815301076,1909f56bfc062723c751e8b465ee728b)  -> (artifact id: '11ef57adc23aedd8df9cdce3fb016916') in 0.028075 seconds 
========================================================================
Received Import Request.
  Time since last request: 0.000244 seconds.
  path: Assets/Tree.prefab
  artifactKey: Guid(709c31859dc96cc4ebfa5269ebda1423) Importer(815301076,1909f56bfc062723c751e8b465ee728b)
Start importing Assets/Tree.prefab using Guid(709c31859dc96cc4ebfa5269ebda1423) Importer(815301076,1909f56bfc062723c751e8b465ee728b)  -> (artifact id: 'c1e0cddf77208d363d93513f10d8f272') in 0.353974 seconds 
========================================================================
Received Prepare
Registering precompiled user dll's ...
Registered in 0.002317 seconds.
Begin MonoManager ReloadAssembly
Native extension for WindowsStandalone target not found
Native extension for WebGL target not found
Refreshing native plugins compatible for Editor in 0.52 ms, found 1 plugins.
Preloading 0 native plugins for Editor in 0.00 ms.
Mono: successfully reloaded assembly
- Completed reload, in  1.059 seconds
Platform modules already initialized, skipping
Refreshing native plugins compatible for Editor in 0.51 ms, found 1 plugins.
Preloading 0 native plugins for Editor in 0.00 ms.
Unloading 2661 Unused Serialized files (Serialized files now loaded: 0)
System memory in use before: 114.5 MB.
System memory in use after: 114.8 MB.

Unloading 9 unused Assets to reduce memory usage. Loaded Objects now: 3195.
Total: 2.906000 ms (FindLiveObjects: 0.292300 ms CreateObjectMapping: 0.176400 ms MarkObjects: 2.416400 ms  DeleteObjects: 0.019200 ms)

========================================================================
Received Import Request.
  Time since last request: 11.778426 seconds.
  path: Assets/Scripts/TerrainGenerator.cs
  artifactKey: Guid(daf98796b4d2e9c43a4af766083fcc03) Importer(815301076,1909f56bfc062723c751e8b465ee728b)
Start importing Assets/Scripts/TerrainGenerator.cs using Guid(daf98796b4d2e9c43a4af766083fcc03) Importer(815301076,1909f56bfc062723c751e8b465ee728b)  -> (artifact id: '26d2e6cac9fb4b1389092a521bf7f9e9') in 0.019088 seconds 
========================================================================
Received Prepare
Registering precompiled user dll's ...
Registered in 0.006939 seconds.
Begin MonoManager ReloadAssembly
Native extension for WindowsStandalone target not found
Native extension for WebGL target not found
Refreshing native plugins compatible for Editor in 0.97 ms, found 1 plugins.
Preloading 0 native plugins for Editor in 0.00 ms.
Mono: successfully reloaded assembly
- Completed reload, in  2.511 seconds
Platform modules already initialized, skipping
Refreshing native plugins compatible for Editor in 1.58 ms, found 1 plugins.
Preloading 0 native plugins for Editor in 0.00 ms.
Unloading 2661 Unused Serialized files (Serialized files now loaded: 0)
System memory in use before: 114.6 MB.
System memory in use after: 114.8 MB.

Unloading 9 unused Assets to reduce memory usage. Loaded Objects now: 3198.
Total: 5.885700 ms (FindLiveObjects: 1.064800 ms CreateObjectMapping: 0.611400 ms MarkObjects: 4.157400 ms  DeleteObjects: 0.044500 ms)

========================================================================
Received Import Request.
  Time since last request: 1969.335625 seconds.
  path: Assets/Scripts/TerrainGenerator.cs
  artifactKey: Guid(daf98796b4d2e9c43a4af766083fcc03) Importer(815301076,1909f56bfc062723c751e8b465ee728b)
Start importing Assets/Scripts/TerrainGenerator.cs using Guid(daf98796b4d2e9c43a4af766083fcc03) Importer(815301076,1909f56bfc062723c751e8b465ee728b)  -> (artifact id: '6f06ab90f3b2b21131a6d84cb7537e15') in 0.015204 seconds 
========================================================================
Received Prepare
Registering precompiled user dll's ...
Registered in 0.004741 seconds.
Begin MonoManager ReloadAssembly
Native extension for WindowsStandalone target not found
Native extension for WebGL target not found
Refreshing native plugins compatible for Editor in 0.95 ms, found 1 plugins.
Preloading 0 native plugins for Editor in 0.00 ms.
Mono: successfully reloaded assembly
- Completed reload, in  2.565 seconds
Platform modules already initialized, skipping
Refreshing native plugins compatible for Editor in 1.48 ms, found 1 plugins.
Preloading 0 native plugins for Editor in 0.00 ms.
Unloading 2661 Unused Serialized files (Serialized files now loaded: 0)
System memory in use before: 114.6 MB.
System memory in use after: 114.8 MB.

Unloading 9 unused Assets to reduce memory usage. Loaded Objects now: 3201.
Total: 5.271200 ms (FindLiveObjects: 0.473500 ms CreateObjectMapping: 0.340300 ms MarkObjects: 4.414300 ms  DeleteObjects: 0.040200 ms)

========================================================================
Received Import Request.
  Time since last request: 212.576198 seconds.
  path: Assets/Scripts/TerrainGenerator.cs
  artifactKey: Guid(daf98796b4d2e9c43a4af766083fcc03) Importer(815301076,1909f56bfc062723c751e8b465ee728b)
Start importing Assets/Scripts/TerrainGenerator.cs using Guid(daf98796b4d2e9c43a4af766083fcc03) Importer(815301076,1909f56bfc062723c751e8b465ee728b)  -> (artifact id: 'f90f977ad2c1168610adce95a03c47ce') in 0.010981 seconds 
========================================================================
Received Import Request.
  Time since last request: 109.226340 seconds.
  path: Assets/Tree_Textures/diffuse.png
  artifactKey: Guid(13c13f5598168ef4eb47c2d218d9f3b2) Importer(815301076,1909f56bfc062723c751e8b465ee728b)
Start importing Assets/Tree_Textures/diffuse.png using Guid(13c13f5598168ef4eb47c2d218d9f3b2) Importer(815301076,1909f56bfc062723c751e8b465ee728b)  -> (artifact id: '812cd529265f1e5bb1ed7aa1e1a0b988') in 0.209004 seconds 
========================================================================
Received Import Request.
  Time since last request: 0.000561 seconds.
  path: Assets/Tree_Textures/normal_specular.png
  artifactKey: Guid(989884769bf8c4e45a7a0296cbacc996) Importer(815301076,1909f56bfc062723c751e8b465ee728b)
Start importing Assets/Tree_Textures/normal_specular.png using Guid(989884769bf8c4e45a7a0296cbacc996) Importer(815301076,1909f56bfc062723c751e8b465ee728b)  -> (artifact id: '486addc0d796681c48d46c2ae9e4b1ed') in 0.016466 seconds 
========================================================================
Received Import Request.
  Time since last request: 0.000539 seconds.
  path: Assets/Tree_Textures/shadow.png
  artifactKey: Guid(f2dc6f83f9ae1b143a7cd3d96df6820f) Importer(815301076,1909f56bfc062723c751e8b465ee728b)
Start importing Assets/Tree_Textures/shadow.png using Guid(f2dc6f83f9ae1b143a7cd3d96df6820f) Importer(815301076,1909f56bfc062723c751e8b465ee728b)  -> (artifact id: '128af0ce19955c481cb61d4e83454f02') in 0.014269 seconds 
========================================================================
Received Import Request.
  Time since last request: 0.000557 seconds.
  path: Assets/Tree_Textures/translucency_gloss.png
  artifactKey: Guid(ef637f94e66406d44a8fd791e9c4ba55) Importer(815301076,1909f56bfc062723c751e8b465ee728b)
Start importing Assets/Tree_Textures/translucency_gloss.png using Guid(ef637f94e66406d44a8fd791e9c4ba55) Importer(815301076,1909f56bfc062723c751e8b465ee728b)  -> (artifact id: 'ad97c32d9a35c97712912e2754d639cd') in 0.013459 seconds 
========================================================================
Received Import Request.
  Time since last request: 78.005590 seconds.
  path: Assets/Scripts/PlayerMovement.cs
  artifactKey: Guid(3e067631684fd1f4da6c0848d47a3aa9) Importer(815301076,1909f56bfc062723c751e8b465ee728b)
Start importing Assets/Scripts/PlayerMovement.cs using Guid(3e067631684fd1f4da6c0848d47a3aa9) Importer(815301076,1909f56bfc062723c751e8b465ee728b)  -> (artifact id: '8a1ee33b8871b1a786397229f87eed9c') in 0.003345 seconds 
========================================================================
Received Prepare
Registering precompiled user dll's ...
Registered in 0.004938 seconds.
Begin MonoManager ReloadAssembly
Native extension for WindowsStandalone target not found
Native extension for WebGL target not found
Refreshing native plugins compatible for Editor in 0.94 ms, found 1 plugins.
Preloading 0 native plugins for Editor in 0.00 ms.
Mono: successfully reloaded assembly
- Completed reload, in  2.483 seconds
Platform modules already initialized, skipping
Refreshing native plugins compatible for Editor in 1.02 ms, found 1 plugins.
Preloading 0 native plugins for Editor in 0.00 ms.
Unloading 2665 Unused Serialized files (Serialized files now loaded: 0)
System memory in use before: 116.5 MB.
System memory in use after: 116.8 MB.

Unloading 9 unused Assets to reduce memory usage. Loaded Objects now: 3267.
Total: 5.614700 ms (FindLiveObjects: 0.663200 ms CreateObjectMapping: 0.390500 ms MarkObjects: 4.524200 ms  DeleteObjects: 0.034400 ms)

========================================================================
Received Import Request.
  Time since last request: 55.025980 seconds.
  path: Assets/Scripts/TerrainGenerator.cs
  artifactKey: Guid(daf98796b4d2e9c43a4af766083fcc03) Importer(815301076,1909f56bfc062723c751e8b465ee728b)
Start importing Assets/Scripts/TerrainGenerator.cs using Guid(daf98796b4d2e9c43a4af766083fcc03) Importer(815301076,1909f56bfc062723c751e8b465ee728b)  -> (artifact id: '78788fdbe1a97a4056af71e4c7b59c96') in 0.011607 seconds 
========================================================================
Received Prepare
Registering precompiled user dll's ...
Registered in 0.004625 seconds.
Begin MonoManager ReloadAssembly
Native extension for WindowsStandalone target not found
Native extension for WebGL target not found
Refreshing native plugins compatible for Editor in 1.04 ms, found 1 plugins.
Preloading 0 native plugins for Editor in 0.00 ms.
Mono: successfully reloaded assembly
- Completed reload, in  2.461 seconds
Platform modules already initialized, skipping
Refreshing native plugins compatible for Editor in 1.08 ms, found 1 plugins.
Preloading 0 native plugins for Editor in 0.00 ms.
Unloading 2661 Unused Serialized files (Serialized files now loaded: 0)
System memory in use before: 116.4 MB.
System memory in use after: 116.6 MB.

Unloading 9 unused Assets to reduce memory usage. Loaded Objects now: 3270.
Total: 5.164200 ms (FindLiveObjects: 0.576400 ms CreateObjectMapping: 0.376500 ms MarkObjects: 4.170200 ms  DeleteObjects: 0.038000 ms)

========================================================================
Received Prepare
Registering precompiled user dll's ...
Registered in 0.004901 seconds.
Begin MonoManager ReloadAssembly
Native extension for WindowsStandalone target not found
Native extension for WebGL target not found
Refreshing native plugins compatible for Editor in 0.96 ms, found 1 plugins.
Preloading 0 native plugins for Editor in 0.00 ms.
Mono: successfully reloaded assembly
- Completed reload, in  2.406 seconds
Platform modules already initialized, skipping
Refreshing native plugins compatible for Editor in 1.50 ms, found 1 plugins.
Preloading 0 native plugins for Editor in 0.00 ms.
Unloading 2661 Unused Serialized files (Serialized files now loaded: 0)
System memory in use before: 116.4 MB.
System memory in use after: 116.6 MB.

Unloading 9 unused Assets to reduce memory usage. Loaded Objects now: 3273.
Total: 5.150700 ms (FindLiveObjects: 0.513600 ms CreateObjectMapping: 0.362600 ms MarkObjects: 4.229800 ms  DeleteObjects: 0.041600 ms)

========================================================================
Received Import Request.
  Time since last request: 77.324118 seconds.
  path: Assets/Scripts/TerrainGenerator.cs
  artifactKey: Guid(daf98796b4d2e9c43a4af766083fcc03) Importer(815301076,1909f56bfc062723c751e8b465ee728b)
Start importing Assets/Scripts/TerrainGenerator.cs using Guid(daf98796b4d2e9c43a4af766083fcc03) Importer(815301076,1909f56bfc062723c751e8b465ee728b)  -> (artifact id: '42c62e724927b23fff4974325b86bde3') in 0.008494 seconds 
========================================================================
Received Import Request.
  Time since last request: 93.552965 seconds.
  path: Assets/Scripts/TerrainGeneration.cs
  artifactKey: Guid(daf98796b4d2e9c43a4af766083fcc03) Importer(815301076,1909f56bfc062723c751e8b465ee728b)
Start importing Assets/Scripts/TerrainGeneration.cs using Guid(daf98796b4d2e9c43a4af766083fcc03) Importer(815301076,1909f56bfc062723c751e8b465ee728b)  -> (artifact id: '78b76bbddd2a77555cfcd4f00372246b') in 0.003716 seconds 
========================================================================
Received Prepare
Registering precompiled user dll's ...
Registered in 0.004564 seconds.
Begin MonoManager ReloadAssembly
Native extension for WindowsStandalone target not found
Native extension for WebGL target not found
Refreshing native plugins compatible for Editor in 0.94 ms, found 1 plugins.
Preloading 0 native plugins for Editor in 0.00 ms.
Mono: successfully reloaded assembly
- Completed reload, in  2.494 seconds
Platform modules already initialized, skipping
Refreshing native plugins compatible for Editor in 0.97 ms, found 1 plugins.
Preloading 0 native plugins for Editor in 0.00 ms.
Unloading 2661 Unused Serialized files (Serialized files now loaded: 0)
System memory in use before: 116.4 MB.
System memory in use after: 116.7 MB.

Unloading 9 unused Assets to reduce memory usage. Loaded Objects now: 3276.
Total: 4.876200 ms (FindLiveObjects: 0.458000 ms CreateObjectMapping: 0.316500 ms MarkObjects: 4.062800 ms  DeleteObjects: 0.036600 ms)

========================================================================
Received Prepare
Registering precompiled user dll's ...
Registered in 0.004836 seconds.
Begin MonoManager ReloadAssembly
Native extension for WindowsStandalone target not found
Native extension for WebGL target not found
Refreshing native plugins compatible for Editor in 0.93 ms, found 1 plugins.
Preloading 0 native plugins for Editor in 0.00 ms.
Mono: successfully reloaded assembly
- Completed reload, in  2.566 seconds
Platform modules already initialized, skipping
Refreshing native plugins compatible for Editor in 1.01 ms, found 1 plugins.
Preloading 0 native plugins for Editor in 0.00 ms.
Unloading 2661 Unused Serialized files (Serialized files now loaded: 0)
System memory in use before: 116.4 MB.
System memory in use after: 116.7 MB.

Unloading 9 unused Assets to reduce memory usage. Loaded Objects now: 3279.
Total: 5.282500 ms (FindLiveObjects: 0.485300 ms CreateObjectMapping: 0.355400 ms MarkObjects: 4.403700 ms  DeleteObjects: 0.035200 ms)

========================================================================
Received Import Request.
  Time since last request: 130.650355 seconds.
  path: Assets/Scenes/Perlin Noise.unity
  artifactKey: Guid(2b0a5f8e17b571e47b0197d5691cafbd) Importer(815301076,1909f56bfc062723c751e8b465ee728b)
Start importing Assets/Scenes/Perlin Noise.unity using Guid(2b0a5f8e17b571e47b0197d5691cafbd) Importer(815301076,1909f56bfc062723c751e8b465ee728b)  -> (artifact id: '58f1b640652d2edddc48a52f76292e42') in 0.028626 seconds 
========================================================================
Received Import Request.
  Time since last request: 165.418151 seconds.
  path: Assets/New Terrain 1.asset
  artifactKey: Guid(9e454f28cd7bcae43ae3bffe26505fd1) Importer(815301076,1909f56bfc062723c751e8b465ee728b)
Start importing Assets/New Terrain 1.asset using Guid(9e454f28cd7bcae43ae3bffe26505fd1) Importer(815301076,1909f56bfc062723c751e8b465ee728b)  -> (artifact id: '63a4be445fb1d8f2b1fa0ecbfaaa5cbe') in 0.010334 seconds 
========================================================================
Received Prepare
Registering precompiled user dll's ...
Registered in 0.004583 seconds.
Begin MonoManager ReloadAssembly
Native extension for WindowsStandalone target not found
Native extension for WebGL target not found
Refreshing native plugins compatible for Editor in 0.95 ms, found 1 plugins.
Preloading 0 native plugins for Editor in 0.00 ms.
Mono: successfully reloaded assembly
- Completed reload, in  2.637 seconds
Platform modules already initialized, skipping
Refreshing native plugins compatible for Editor in 0.96 ms, found 1 plugins.
Preloading 0 native plugins for Editor in 0.00 ms.
Unloading 2662 Unused Serialized files (Serialized files now loaded: 0)
System memory in use before: 116.5 MB.
System memory in use after: 116.7 MB.

Unloading 9 unused Assets to reduce memory usage. Loaded Objects now: 3283.
Total: 5.782300 ms (FindLiveObjects: 0.853300 ms CreateObjectMapping: 0.734900 ms MarkObjects: 4.149200 ms  DeleteObjects: 0.042500 ms)

========================================================================
Received Prepare
Registering precompiled user dll's ...
Registered in 0.002130 seconds.
Begin MonoManager ReloadAssembly
Native extension for WindowsStandalone target not found
Native extension for WebGL target not found
Refreshing native plugins compatible for Editor in 0.58 ms, found 1 plugins.
Preloading 0 native plugins for Editor in 0.00 ms.
Mono: successfully reloaded assembly
- Completed reload, in  1.155 seconds
Platform modules already initialized, skipping
Refreshing native plugins compatible for Editor in 0.66 ms, found 1 plugins.
Preloading 0 native plugins for Editor in 0.00 ms.
Unloading 2662 Unused Serialized files (Serialized files now loaded: 0)
System memory in use before: 116.5 MB.
System memory in use after: 116.7 MB.

Unloading 9 unused Assets to reduce memory usage. Loaded Objects now: 3286.
Total: 2.979800 ms (FindLiveObjects: 0.288100 ms CreateObjectMapping: 0.208500 ms MarkObjects: 2.462300 ms  DeleteObjects: 0.019200 ms)

========================================================================
Received Import Request.
  Time since last request: 21.976841 seconds.
  path: Assets/Scripts/PerlinNoise.cs
  artifactKey: Guid(cb713564678030a4e91b80fac5ae3dd2) Importer(815301076,1909f56bfc062723c751e8b465ee728b)
Start importing Assets/Scripts/PerlinNoise.cs using Guid(cb713564678030a4e91b80fac5ae3dd2) Importer(815301076,1909f56bfc062723c751e8b465ee728b)  -> (artifact id: 'd373d6c2ddba1464f87d1dfb867d6173') in 0.006122 seconds 
========================================================================
Received Prepare
Registering precompiled user dll's ...
Registered in 0.007849 seconds.
Begin MonoManager ReloadAssembly
Native extension for WindowsStandalone target not found
Native extension for WebGL target not found
Refreshing native plugins compatible for Editor in 0.56 ms, found 1 plugins.
Preloading 0 native plugins for Editor in 0.00 ms.
Mono: successfully reloaded assembly
- Completed reload, in  1.199 seconds
Platform modules already initialized, skipping
Refreshing native plugins compatible for Editor in 0.53 ms, found 1 plugins.
Preloading 0 native plugins for Editor in 0.00 ms.
Unloading 2662 Unused Serialized files (Serialized files now loaded: 0)
System memory in use before: 116.5 MB.
System memory in use after: 116.7 MB.

Unloading 9 unused Assets to reduce memory usage. Loaded Objects now: 3289.
Total: 3.327400 ms (FindLiveObjects: 0.596700 ms CreateObjectMapping: 0.304100 ms MarkObjects: 2.400900 ms  DeleteObjects: 0.022600 ms)

========================================================================
Received Import Request.
  Time since last request: 223.145475 seconds.
  path: Assets/Scripts/PerlinNoise.cs
  artifactKey: Guid(cb713564678030a4e91b80fac5ae3dd2) Importer(815301076,1909f56bfc062723c751e8b465ee728b)
Start importing Assets/Scripts/PerlinNoise.cs using Guid(cb713564678030a4e91b80fac5ae3dd2) Importer(815301076,1909f56bfc062723c751e8b465ee728b)  -> (artifact id: 'b0bd3f48a0e4118cc89fbb1a6d6523f3') in 0.005243 seconds 
========================================================================
Received Prepare
Registering precompiled user dll's ...
Registered in 0.002899 seconds.
Begin MonoManager ReloadAssembly
Native extension for WindowsStandalone target not found
Native extension for WebGL target not found
Refreshing native plugins compatible for Editor in 0.59 ms, found 1 plugins.
Preloading 0 native plugins for Editor in 0.00 ms.
Mono: successfully reloaded assembly
- Completed reload, in  1.150 seconds
Platform modules already initialized, skipping
Refreshing native plugins compatible for Editor in 0.72 ms, found 1 plugins.
Preloading 0 native plugins for Editor in 0.00 ms.
Unloading 2662 Unused Serialized files (Serialized files now loaded: 0)
System memory in use before: 116.5 MB.
System memory in use after: 116.7 MB.

Unloading 9 unused Assets to reduce memory usage. Loaded Objects now: 3292.
Total: 3.718900 ms (FindLiveObjects: 0.344900 ms CreateObjectMapping: 0.259000 ms MarkObjects: 3.090700 ms  DeleteObjects: 0.022600 ms)

========================================================================
Received Prepare
Registering precompiled user dll's ...
Registered in 0.002493 seconds.
Begin MonoManager ReloadAssembly
Native extension for WindowsStandalone target not found
Native extension for WebGL target not found
Refreshing native plugins compatible for Editor in 0.73 ms, found 1 plugins.
Preloading 0 native plugins for Editor in 0.00 ms.
Mono: successfully reloaded assembly
- Completed reload, in  1.330 seconds
Platform modules already initialized, skipping
Refreshing native plugins compatible for Editor in 0.70 ms, found 1 plugins.
Preloading 0 native plugins for Editor in 0.00 ms.
Unloading 2662 Unused Serialized files (Serialized files now loaded: 0)
System memory in use before: 116.5 MB.
System memory in use after: 116.7 MB.

Unloading 9 unused Assets to reduce memory usage. Loaded Objects now: 3295.
Total: 3.013700 ms (FindLiveObjects: 0.337500 ms CreateObjectMapping: 0.189200 ms MarkObjects: 2.460700 ms  DeleteObjects: 0.024600 ms)

========================================================================
Received Prepare
Registering precompiled user dll's ...
Registered in 0.002380 seconds.
Begin MonoManager ReloadAssembly
Native extension for WindowsStandalone target not found
Native extension for WebGL target not found
Refreshing native plugins compatible for Editor in 1.10 ms, found 1 plugins.
Preloading 0 native plugins for Editor in 0.00 ms.
Mono: successfully reloaded assembly
- Completed reload, in  1.229 seconds
Platform modules already initialized, skipping
Refreshing native plugins compatible for Editor in 0.53 ms, found 1 plugins.
Preloading 0 native plugins for Editor in 0.00 ms.
Unloading 2662 Unused Serialized files (Serialized files now loaded: 0)
System memory in use before: 116.5 MB.
System memory in use after: 116.7 MB.

Unloading 9 unused Assets to reduce memory usage. Loaded Objects now: 3298.
Total: 2.937600 ms (FindLiveObjects: 0.366800 ms CreateObjectMapping: 0.181500 ms MarkObjects: 2.361000 ms  DeleteObjects: 0.027100 ms)

========================================================================
Received Import Request.
  Time since last request: 748.439591 seconds.
  path: Assets/New Material.mat
  artifactKey: Guid(ea51ad44c64588e45aaf7de1bcbf8e5b) Importer(815301076,1909f56bfc062723c751e8b465ee728b)
Start importing Assets/New Material.mat using Guid(ea51ad44c64588e45aaf7de1bcbf8e5b) Importer(815301076,1909f56bfc062723c751e8b465ee728b)  -> (artifact id: '650e1addb07ee811c0d5ee18a6b7716f') in 0.087150 seconds 
========================================================================
Received Prepare
Registering precompiled user dll's ...
Registered in 0.002528 seconds.
Begin MonoManager ReloadAssembly
Native extension for WindowsStandalone target not found
Native extension for WebGL target not found
Refreshing native plugins compatible for Editor in 0.87 ms, found 1 plugins.
Preloading 0 native plugins for Editor in 0.00 ms.
Mono: successfully reloaded assembly
- Completed reload, in  1.169 seconds
Platform modules already initialized, skipping
Refreshing native plugins compatible for Editor in 0.53 ms, found 1 plugins.
Preloading 0 native plugins for Editor in 0.00 ms.
Unloading 2662 Unused Serialized files (Serialized files now loaded: 0)
System memory in use before: 116.5 MB.
System memory in use after: 116.8 MB.

Unloading 9 unused Assets to reduce memory usage. Loaded Objects now: 3302.
Total: 3.272200 ms (FindLiveObjects: 0.720900 ms CreateObjectMapping: 0.254100 ms MarkObjects: 2.270300 ms  DeleteObjects: 0.025100 ms)

========================================================================
Received Prepare
Registering precompiled user dll's ...
Registered in 0.002593 seconds.
Begin MonoManager ReloadAssembly
Native extension for WindowsStandalone target not found
Native extension for WebGL target not found
Refreshing native plugins compatible for Editor in 0.61 ms, found 1 plugins.
Preloading 0 native plugins for Editor in 0.00 ms.
Mono: successfully reloaded assembly
- Completed reload, in  1.297 seconds
Platform modules already initialized, skipping
Refreshing native plugins compatible for Editor in 0.65 ms, found 1 plugins.
Preloading 0 native plugins for Editor in 0.00 ms.
Unloading 2662 Unused Serialized files (Serialized files now loaded: 0)
System memory in use before: 116.6 MB.
System memory in use after: 116.8 MB.

Unloading 9 unused Assets to reduce memory usage. Loaded Objects now: 3305.
Total: 3.212700 ms (FindLiveObjects: 0.330600 ms CreateObjectMapping: 0.245200 ms MarkObjects: 2.597200 ms  DeleteObjects: 0.036900 ms)

========================================================================
Received Prepare
Registering precompiled user dll's ...
Registered in 0.002115 seconds.
Begin MonoManager ReloadAssembly
Native extension for WindowsStandalone target not found
Native extension for WebGL target not found
Refreshing native plugins compatible for Editor in 0.54 ms, found 1 plugins.
Preloading 0 native plugins for Editor in 0.00 ms.
Mono: successfully reloaded assembly
- Completed reload, in  1.132 seconds
Platform modules already initialized, skipping
Refreshing native plugins compatible for Editor in 0.85 ms, found 1 plugins.
Preloading 0 native plugins for Editor in 0.00 ms.
Unloading 2662 Unused Serialized files (Serialized files now loaded: 0)
System memory in use before: 116.6 MB.
System memory in use after: 116.8 MB.

Unloading 9 unused Assets to reduce memory usage. Loaded Objects now: 3308.
Total: 3.988900 ms (FindLiveObjects: 0.519800 ms CreateObjectMapping: 0.428100 ms MarkObjects: 3.012200 ms  DeleteObjects: 0.027100 ms)

========================================================================
Received Prepare
Registering precompiled user dll's ...
Registered in 0.002339 seconds.
Begin MonoManager ReloadAssembly
Native extension for WindowsStandalone target not found
Native extension for WebGL target not found
Refreshing native plugins compatible for Editor in 0.53 ms, found 1 plugins.
Preloading 0 native plugins for Editor in 0.00 ms.
Mono: successfully reloaded assembly
- Completed reload, in  1.150 seconds
Platform modules already initialized, skipping
Refreshing native plugins compatible for Editor in 0.54 ms, found 1 plugins.
Preloading 0 native plugins for Editor in 0.00 ms.
Unloading 2662 Unused Serialized files (Serialized files now loaded: 0)
System memory in use before: 116.6 MB.
System memory in use after: 116.8 MB.

Unloading 9 unused Assets to reduce memory usage. Loaded Objects now: 3311.
Total: 2.860800 ms (FindLiveObjects: 0.393100 ms CreateObjectMapping: 0.310400 ms MarkObjects: 2.138600 ms  DeleteObjects: 0.017700 ms)

========================================================================
Received Prepare
Registering precompiled user dll's ...
Registered in 0.002281 seconds.
Begin MonoManager ReloadAssembly
Native extension for WindowsStandalone target not found
Native extension for WebGL target not found
Refreshing native plugins compatible for Editor in 0.55 ms, found 1 plugins.
Preloading 0 native plugins for Editor in 0.00 ms.
Mono: successfully reloaded assembly
- Completed reload, in  1.426 seconds
Platform modules already initialized, skipping
Refreshing native plugins compatible for Editor in 1.56 ms, found 1 plugins.
Preloading 0 native plugins for Editor in 0.00 ms.
Unloading 2662 Unused Serialized files (Serialized files now loaded: 0)
System memory in use before: 116.6 MB.
System memory in use after: 116.8 MB.

Unloading 9 unused Assets to reduce memory usage. Loaded Objects now: 3314.
Total: 5.127200 ms (FindLiveObjects: 0.502600 ms CreateObjectMapping: 0.323200 ms MarkObjects: 4.264400 ms  DeleteObjects: 0.034100 ms)

========================================================================
Received Prepare
Registering precompiled user dll's ...
Registered in 0.002456 seconds.
Begin MonoManager ReloadAssembly
Native extension for WindowsStandalone target not found
Native extension for WebGL target not found
Refreshing native plugins compatible for Editor in 1.10 ms, found 1 plugins.
Preloading 0 native plugins for Editor in 0.00 ms.
Mono: successfully reloaded assembly
- Completed reload, in  1.687 seconds
Platform modules already initialized, skipping
Refreshing native plugins compatible for Editor in 1.66 ms, found 1 plugins.
Preloading 0 native plugins for Editor in 0.00 ms.
Unloading 2662 Unused Serialized files (Serialized files now loaded: 0)
System memory in use before: 116.6 MB.
System memory in use after: 116.8 MB.

Unloading 9 unused Assets to reduce memory usage. Loaded Objects now: 3317.
Total: 5.041500 ms (FindLiveObjects: 0.563800 ms CreateObjectMapping: 0.365700 ms MarkObjects: 4.067900 ms  DeleteObjects: 0.041900 ms)

========================================================================
Received Prepare
Registering precompiled user dll's ...
Registered in 0.002448 seconds.
Begin MonoManager ReloadAssembly
Native extension for WindowsStandalone target not found
Native extension for WebGL target not found
Refreshing native plugins compatible for Editor in 0.51 ms, found 1 plugins.
Preloading 0 native plugins for Editor in 0.00 ms.
Mono: successfully reloaded assembly
- Completed reload, in  1.164 seconds
Platform modules already initialized, skipping
Refreshing native plugins compatible for Editor in 0.58 ms, found 1 plugins.
Preloading 0 native plugins for Editor in 0.00 ms.
Unloading 2662 Unused Serialized files (Serialized files now loaded: 0)
System memory in use before: 116.6 MB.
System memory in use after: 116.8 MB.

Unloading 9 unused Assets to reduce memory usage. Loaded Objects now: 3320.
Total: 7.950100 ms (FindLiveObjects: 0.812700 ms CreateObjectMapping: 0.559500 ms MarkObjects: 6.485300 ms  DeleteObjects: 0.088300 ms)

========================================================================
Received Prepare
Registering precompiled user dll's ...
Registered in 0.002850 seconds.
Begin MonoManager ReloadAssembly
Native extension for WindowsStandalone target not found
Native extension for WebGL target not found
Refreshing native plugins compatible for Editor in 0.57 ms, found 1 plugins.
Preloading 0 native plugins for Editor in 0.00 ms.
Mono: successfully reloaded assembly
- Completed reload, in  1.152 seconds
Platform modules already initialized, skipping
Refreshing native plugins compatible for Editor in 0.67 ms, found 1 plugins.
Preloading 0 native plugins for Editor in 0.00 ms.
Unloading 2662 Unused Serialized files (Serialized files now loaded: 0)
System memory in use before: 116.6 MB.
System memory in use after: 116.8 MB.

Unloading 9 unused Assets to reduce memory usage. Loaded Objects now: 3323.
Total: 2.988400 ms (FindLiveObjects: 0.367600 ms CreateObjectMapping: 0.277800 ms MarkObjects: 2.322400 ms  DeleteObjects: 0.019400 ms)

========================================================================
Received Import Request.
  Time since last request: 798.786549 seconds.
  path: Assets/Tree_Textures
  artifactKey: Guid(2150e0405067d41438725f345082a312) Importer(815301076,1909f56bfc062723c751e8b465ee728b)
Start importing Assets/Tree_Textures using Guid(2150e0405067d41438725f345082a312) Importer(815301076,1909f56bfc062723c751e8b465ee728b)  -> (artifact id: '92513c6104a701599603e905b3e19453') in 0.005658 seconds 
========================================================================
Received Import Request.
  Time since last request: 40.645489 seconds.
  path: Assets/unlit.mat
  artifactKey: Guid(ea51ad44c64588e45aaf7de1bcbf8e5b) Importer(815301076,1909f56bfc062723c751e8b465ee728b)
Start importing Assets/unlit.mat using Guid(ea51ad44c64588e45aaf7de1bcbf8e5b) Importer(815301076,1909f56bfc062723c751e8b465ee728b)  -> (artifact id: '89d5fceb9a39e6d9f32831d4c1445db5') in 0.067738 seconds 
========================================================================
Received Import Request.
  Time since last request: 1.543925 seconds.
  path: Assets/Scenes/Terrain.unity
  artifactKey: Guid(bcc1e69c894e0574a81ddb4c29d2b25d) Importer(815301076,1909f56bfc062723c751e8b465ee728b)
Start importing Assets/Scenes/Terrain.unity using Guid(bcc1e69c894e0574a81ddb4c29d2b25d) Importer(815301076,1909f56bfc062723c751e8b465ee728b)  -> (artifact id: '6265ce1912edbdb0703496d105a9e0ea') in 0.007147 seconds 
========================================================================
Received Prepare
Registering precompiled user dll's ...
Registered in 0.002382 seconds.
Begin MonoManager ReloadAssembly
Native extension for WindowsStandalone target not found
Native extension for WebGL target not found
Refreshing native plugins compatible for Editor in 0.58 ms, found 1 plugins.
Preloading 0 native plugins for Editor in 0.00 ms.
Mono: successfully reloaded assembly
- Completed reload, in  1.191 seconds
Platform modules already initialized, skipping
Refreshing native plugins compatible for Editor in 0.53 ms, found 1 plugins.
Preloading 0 native plugins for Editor in 0.00 ms.
Unloading 2662 Unused Serialized files (Serialized files now loaded: 0)
System memory in use before: 116.7 MB.
System memory in use after: 117.0 MB.

Unloading 9 unused Assets to reduce memory usage. Loaded Objects now: 3328.
Total: 2.705200 ms (FindLiveObjects: 0.254000 ms CreateObjectMapping: 0.148800 ms MarkObjects: 2.284600 ms  DeleteObjects: 0.016700 ms)

========================================================================
Received Import Request.
  Time since last request: 608.126678 seconds.
  path: Assets/gun.mat
  artifactKey: Guid(991bfd904044c014c9fd2629f78f872a) Importer(815301076,1909f56bfc062723c751e8b465ee728b)
Start importing Assets/gun.mat using Guid(991bfd904044c014c9fd2629f78f872a) Importer(815301076,1909f56bfc062723c751e8b465ee728b)  -> (artifact id: 'a924a93d7c3558206ea07d7fa6b83385') in 0.095547 seconds 
========================================================================
Received Prepare
Registering precompiled user dll's ...
Registered in 0.002366 seconds.
Begin MonoManager ReloadAssembly
Native extension for WindowsStandalone target not found
Native extension for WebGL target not found
Refreshing native plugins compatible for Editor in 0.51 ms, found 1 plugins.
Preloading 0 native plugins for Editor in 0.00 ms.
Mono: successfully reloaded assembly
- Completed reload, in  1.388 seconds
Platform modules already initialized, skipping
Refreshing native plugins compatible for Editor in 1.10 ms, found 1 plugins.
Preloading 0 native plugins for Editor in 0.00 ms.
Unloading 2662 Unused Serialized files (Serialized files now loaded: 0)
System memory in use before: 116.7 MB.
System memory in use after: 117.0 MB.

Unloading 9 unused Assets to reduce memory usage. Loaded Objects now: 3332.
Total: 5.208600 ms (FindLiveObjects: 0.478800 ms CreateObjectMapping: 0.343800 ms MarkObjects: 4.348600 ms  DeleteObjects: 0.035500 ms)

AssetImportWorkerClient::OnTransportError - code=2 error=End of file
